app/build/intermediates/manifest_merge_blame_file/debug/manifest-merger-blame-debug-report.txt
1<?xml version="1.0" encoding="utf-8"?>
2<manifest xmlns:android="http://schemas.android.com/apk/res/android"
3    package="com.dixon.eazzytravel"
4    android:versionCode="1"
5    android:versionName="1.0" >
6
7    <uses-sdk
8        android:minSdkVersion="16"
8-->src/main/AndroidManifest.xml
9        android:targetSdkVersion="29" />
9-->src/main/AndroidManifest.xml
10
11    <uses-permission android:name="android.permission.INTERNET" />
11-->src/main/AndroidManifest.xml:5:5-67
11-->src/main/AndroidManifest.xml:5:22-64
12
13    <application
13-->src/main/AndroidManifest.xml:7:5-28:19
14        android:allowBackup="true"
14-->src/main/AndroidManifest.xml:8:9-35
15        android:appComponentFactory="androidx.core.app.CoreComponentFactory"
15-->[androidx.core:core:1.1.0] AndroidManifest.xml:24:18-86
16        android:debuggable="true"
17        android:icon="@drawable/eazzy_travel_logo"
17-->src/main/AndroidManifest.xml:9:9-51
18        android:label="@string/app_name"
18-->src/main/AndroidManifest.xml:10:9-41
19        android:networkSecurityConfig="@xml/network_security_config"
19-->src/main/AndroidManifest.xml:14:9-69
20        android:roundIcon="@mipmap/ic_launcher_round"
20-->src/main/AndroidManifest.xml:11:9-54
21        android:supportsRtl="true"
21-->src/main/AndroidManifest.xml:12:9-35
22        android:testOnly="true"
23        android:theme="@style/AppTheme"
23-->src/main/AndroidManifest.xml:15:9-40
24        android:usesCleartextTraffic="true" >
24-->src/main/AndroidManifest.xml:13:9-44
25        <activity android:name="com.dixon.eazzytravel.activity.RegisterActivity" />
25-->src/main/AndroidManifest.xml:16:9-72
25-->src/main/AndroidManifest.xml:16:19-60
26        <activity android:name="com.dixon.eazzytravel.activity.LoginActivity" />
26-->src/main/AndroidManifest.xml:17:9-60
26-->src/main/AndroidManifest.xml:17:19-57
27        <activity
27-->src/main/AndroidManifest.xml:18:9-27:20
28            android:name="com.dixon.eazzytravel.activity.MainActivity"
28-->src/main/AndroidManifest.xml:19:13-50
29            android:label="@string/app_name"
29-->src/main/AndroidManifest.xml:20:13-45
30            android:theme="@style/AppTheme.NoActionBar" >
30-->src/main/AndroidManifest.xml:21:13-56
31            <intent-filter>
31-->src/main/AndroidManifest.xml:22:13-26:29
32                <action android:name="android.intent.action.MAIN" />
32-->src/main/AndroidManifest.xml:23:17-69
32-->src/main/AndroidManifest.xml:23:25-66
33
34                <category android:name="android.intent.category.LAUNCHER" />
34-->src/main/AndroidManifest.xml:25:17-77
34-->src/main/AndroidManifest.xml:25:27-74
35            </intent-filter>
36        </activity>
37
38        <provider
38-->[androidx.lifecycle:lifecycle-process:2.1.0] AndroidManifest.xml:23:9-27:43
39            android:name="androidx.lifecycle.ProcessLifecycleOwnerInitializer"
39-->[androidx.lifecycle:lifecycle-process:2.1.0] AndroidManifest.xml:24:13-79
40            android:authorities="com.dixon.eazzytravel.lifecycle-process"
40-->[androidx.lifecycle:lifecycle-process:2.1.0] AndroidManifest.xml:25:13-69
41            android:exported="false"
41-->[androidx.lifecycle:lifecycle-process:2.1.0] AndroidManifest.xml:26:13-37
42            android:multiprocess="true" />
42-->[androidx.lifecycle:lifecycle-process:2.1.0] AndroidManifest.xml:27:13-40
43    </application>
44
45</manifest>